生成启动时间为 2015/12/9 22:20:40。
     1>项目“F:\ruanjian\FiveInARow7\FiveInARow\FiveInARow.vcxproj”在节点 2 上(build 个目标)。
     1>PrepareForBuild:
         正在创建目录“F:\ruanjian\FiveInARow7\Release\”。
       InitializeBuildStatus:
         正在创建“Release\FiveInARow.unsuccessfulbuild”，因为已指定“AlwaysCreate”。
       ClCompile:
         E:\Program Files\vs2010\VC\bin\CL.exe /c /Zi /nologo /W3 /WX- /O2 /Oi /Oy- /GL /D WIN32 /D _WINDOWS /D NDEBUG /D _MBCS /Gm- /EHsc /MT /GS /Gy /fp:precise /Zc:wchar_t /Zc:forScope /Yc"StdAfx.h" /Fp"Release\FiveInARow.pch" /Fo"Release\\" /Fd"Release\vc100.pdb" /Gd /TP /analyze- /errorReport:prompt stdafx.cpp
         stdafx.cpp
         E:\Program Files\vs2010\VC\bin\CL.exe /c /Zi /nologo /W3 /WX- /O2 /Oi /Oy- /GL /D WIN32 /D _WINDOWS /D NDEBUG /D _MBCS /Gm- /EHsc /MT /GS /Gy /fp:precise /Zc:wchar_t /Zc:forScope /Yu"StdAfx.h" /Fp"Release\FiveInARow.pch" /Fo"Release\\" /Fd"Release\vc100.pdb" /Gd /TP /analyze- /errorReport:prompt FiveInARow.cpp FiveInARowDoc.cpp FiveInARowView.cpp MainFrm.cpp
         FiveInARow.cpp
         FiveInARowDoc.cpp
         FiveInARowView.cpp
     1>FiveInARowView.cpp(892): warning C4258: “i”: 忽略 For 循环中的定义；使用封闭范围中的定义
                 FiveInARowView.cpp(887) : 忽略“i”的定义
                 FiveInARowView.cpp(882) : 使用“i”的定义
     1>FiveInARowView.cpp(892): warning C4258: “i”: 忽略 For 循环中的定义；使用封闭范围中的定义
                 FiveInARowView.cpp(887) : 忽略“i”的定义
                 FiveInARowView.cpp(882) : 使用“i”的定义
     1>FiveInARowView.cpp(892): warning C4258: “i”: 忽略 For 循环中的定义；使用封闭范围中的定义
                 FiveInARowView.cpp(887) : 忽略“i”的定义
                 FiveInARowView.cpp(882) : 使用“i”的定义
     1>FiveInARowView.cpp(896): warning C4258: “i”: 忽略 For 循环中的定义；使用封闭范围中的定义
                 FiveInARowView.cpp(887) : 忽略“i”的定义
                 FiveInARowView.cpp(882) : 使用“i”的定义
     1>FiveInARowView.cpp(916): warning C4258: “i”: 忽略 For 循环中的定义；使用封闭范围中的定义
                 FiveInARowView.cpp(912) : 忽略“i”的定义
                 FiveInARowView.cpp(907) : 使用“i”的定义
     1>FiveInARowView.cpp(916): warning C4258: “i”: 忽略 For 循环中的定义；使用封闭范围中的定义
                 FiveInARowView.cpp(912) : 忽略“i”的定义
                 FiveInARowView.cpp(907) : 使用“i”的定义
     1>FiveInARowView.cpp(916): warning C4258: “i”: 忽略 For 循环中的定义；使用封闭范围中的定义
                 FiveInARowView.cpp(912) : 忽略“i”的定义
                 FiveInARowView.cpp(907) : 使用“i”的定义
     1>FiveInARowView.cpp(920): warning C4258: “i”: 忽略 For 循环中的定义；使用封闭范围中的定义
                 FiveInARowView.cpp(912) : 忽略“i”的定义
                 FiveInARowView.cpp(907) : 使用“i”的定义
     1>FiveInARowView.cpp(1063): warning C4101: “n”: 未引用的局部变量
     1>FiveInARowView.cpp(1064): warning C4101: “end”: 未引用的局部变量
     1>FiveInARowView.cpp(1064): warning C4101: “start”: 未引用的局部变量
     1>FiveInARowView.cpp(1063): warning C4101: “m”: 未引用的局部变量
     1>FiveInARowView.cpp(1195): warning C4101: “y”: 未引用的局部变量
     1>FiveInARowView.cpp(1195): warning C4101: “x”: 未引用的局部变量
     1>FiveInARowView.cpp(1196): warning C4101: “result”: 未引用的局部变量
         MainFrm.cpp
       ResourceCompile:
         C:\Program Files (x86)\Microsoft SDKs\Windows\v7.0A\bin\rc.exe /D NDEBUG /l"0x0804" /IRelease\ /nologo /fo"Release\FiveInARow.res" FiveInARow.rc 
       Link:
         E:\Program Files\vs2010\VC\bin\link.exe /ERRORREPORT:PROMPT /OUT:"F:\ruanjian\FiveInARow7\Release\FiveInARow.exe" /INCREMENTAL:NO /NOLOGO /MANIFEST /ManifestFile:"Release\FiveInARow.exe.intermediate.manifest" /MANIFESTUAC:"level='asInvoker' uiAccess='false'" /DEBUG /PDB:"F:\ruanjian\FiveInARow7\Release\FiveInARow.pdb" /SUBSYSTEM:WINDOWS /OPT:REF /OPT:ICF /LTCG /TLBID:1 /DYNAMICBASE /NXCOMPAT /IMPLIB:"F:\ruanjian\FiveInARow7\Release\FiveInARow.lib" /MACHINE:X86 Release\FiveInARow.res
         Release\FiveInARow.obj
         Release\FiveInARowDoc.obj
         Release\FiveInARowView.obj
         Release\MainFrm.obj
         Release\stdafx.obj
         正在生成代码
         已完成代码的生成
         FiveInARow.vcxproj -> F:\ruanjian\FiveInARow7\Release\FiveInARow.exe
       Manifest:
         C:\Program Files (x86)\Microsoft SDKs\Windows\v7.0A\bin\mt.exe /nologo /verbose /outputresource:"F:\ruanjian\FiveInARow7\Release\FiveInARow.exe;#1" /manifest Release\FiveInARow.exe.intermediate.manifest "E:\Program Files\vs2010\VC\Include\Manifest\dpiaware.manifest"
       FinalizeBuildStatus:
         正在删除文件“Release\FiveInARow.unsuccessfulbuild”。
         正在对“Release\FiveInARow.lastbuildstate”执行 Touch 任务。
     1>已完成生成项目“F:\ruanjian\FiveInARow7\FiveInARow\FiveInARow.vcxproj”(build 个目标)的操作。

生成成功。

已用时间 00:00:20.21
